<?xml version="1.0" encoding="UTF-8"?>
<!-- Generated by org.testng.reporters.JUnitReportReporter -->
<testsuite hostname="UMTAYD" failures="0" tests="1" name="optaAnalystTests.matchTest.MatchTest" time="113.168" errors="0" timestamp="2025-05-12T23:46:31 GMT+03:00" skipped="0">
  <testcase classname="optaAnalystTests.matchTest.MatchTest" name="createMatchURLs" time="113.168"/>
</testsuite> <!-- optaAnalystTests.matchTest.MatchTest -->
