<?xml version="1.0" encoding="UTF-8"?>
<!-- Generated by org.testng.reporters.JUnitReportReporter -->
<testsuite hostname="UMTAYD" failures="0" tests="1" name="optaAnalystTests.playerTest.PlayerTest" time="58.434" errors="0" timestamp="2025-05-03T18:44:50 GMT+03:00" skipped="0">
  <testcase classname="optaAnalystTests.playerTest.PlayerTest" name="createPlayers" time="58.434"/>
</testsuite> <!-- optaAnalystTests.playerTest.PlayerTest -->
