<?xml version="1.0" encoding="UTF-8"?>
<!-- Generated by org.testng.reporters.JUnitReportReporter -->
<testsuite hostname="UMTAYD" failures="0" tests="1" name="tests.playerSearch.PlayerSearchTest" time="1.667" errors="0" timestamp="2025-04-04T18:31:10 GMT+03:00" skipped="0">
  <testcase classname="tests.playerSearch.PlayerSearchTest" name="searchPlayer" time="1.667"/>
</testsuite> <!-- tests.playerSearch.PlayerSearchTest -->
