<?xml version="1.0" encoding="UTF-8"?>
<!-- Generated by org.testng.reporters.JUnitReportReporter -->
<testsuite hostname="UMTAYD" failures="0" tests="1" name="optaAnalystTests.statTest.StatTest" time="0.542" errors="0" timestamp="2025-06-23T17:28:11 GMT+03:00" skipped="0">
  <testcase classname="optaAnalystTests.statTest.StatTest" name="createRecords" time="0.542"/>
</testsuite> <!-- optaAnalystTests.statTest.StatTest -->
